<html>
<head>
<title>TestNG:  test</title>
<link href="../testng.css" rel="stylesheet" type="text/css" />
<link href="../my-testng.css" rel="stylesheet" type="text/css" />

<style type="text/css">
.log { display: none;} 
.stack-trace { display: none;} 
</style>
<script type="text/javascript">
<!--
function flip(e) {
  current = e.style.display;
  if (current == 'block') {
    e.style.display = 'none';
    return 0;
  }
  else {
    e.style.display = 'block';
    return 1;
  }
}

function toggleBox(szDivId, elem, msg1, msg2)
{
  var res = -1;  if (document.getElementById) {
    res = flip(document.getElementById(szDivId));
  }
  else if (document.all) {
    // this is the way old msie versions work
    res = flip(document.all[szDivId]);
  }
  if(elem) {
    if(res == 0) elem.innerHTML = msg1; else elem.innerHTML = msg2;
  }

}

function toggleAllBoxes() {
  if (document.getElementsByTagName) {
    d = document.getElementsByTagName('div');
    for (i = 0; i < d.length; i++) {
      if (d[i].className == 'log') {
        flip(d[i]);
      }
    }
  }
}

// -->
</script>

</head>
<body>
<h2 align='center'>test</h2><table border='1' align="center">
<tr>
<td>Tests passed/Failed/Skipped:</td><td>52/7/1</td>
</tr><tr>
<td>Started on:</td><td>Sat Jul 07 17:20:51 AMT 2018</td>
</tr>
<tr><td>Total time:</td><td>0 seconds (615 ms)</td>
</tr><tr>
<td>Included groups:</td><td>demogroup </td>
</tr><tr>
<td>Excluded groups:</td><td>skip </td>
</tr>
</table><p/>
<small><i>(Hover the method name to see the test class name)</i></small><p/>
<table width='100%' border='1' class='invocation-failed'>
<tr><td colspan='4' align='center'><b>FAILED TESTS</b></td></tr>
<tr><td><b>Test method</b></td>
<td width="30%"><b>Exception</b></td>
<td width="10%"><b>Time (seconds)</b></td>
<td><b>Instance</b></td>
</tr>
<tr>
<td title='com.epam.mentoring.calculator.TestDivLong.divLongTest()'><b>divLongTest</b><br>Test class: com.epam.mentoring.calculator.TestDivLong<br>Parameters: 0, 0, 0</td>
<td><div><pre>java.lang.NumberFormatException: Attempt to divide by zero
	at com.epam.tat.module4.Calculator.div(Calculator.java:34)
	at com.epam.mentoring.calculator.TestDivLong.divLongTest(TestDivLong.java:24)
... Removed 24 stack frames</pre></div><a href='#' onClick='toggleBox("stack-trace687059528", this, "Click to show all stack frames", "Click to hide stack frames")'>Click to show all stack frames</a>
<div class='stack-trace' id='stack-trace687059528'><pre>java.lang.NumberFormatException: Attempt to divide by zero
	at com.epam.tat.module4.Calculator.div(Calculator.java:34)
	at com.epam.mentoring.calculator.TestDivLong.divLongTest(TestDivLong.java:24)
	at sun.reflect.NativeMethodAccessorImpl.invoke0(Native Method)
	at sun.reflect.NativeMethodAccessorImpl.invoke(NativeMethodAccessorImpl.java:62)
	at sun.reflect.DelegatingMethodAccessorImpl.invoke(DelegatingMethodAccessorImpl.java:43)
	at java.lang.reflect.Method.invoke(Method.java:498)
	at org.testng.internal.MethodInvocationHelper.invokeMethod(MethodInvocationHelper.java:86)
	at org.testng.internal.Invoker.invokeMethod(Invoker.java:643)
	at org.testng.internal.Invoker.invokeTestMethod(Invoker.java:820)
	at org.testng.internal.Invoker.invokeTestMethods(Invoker.java:1128)
	at org.testng.internal.TestMethodWorker.invokeTestMethods(TestMethodWorker.java:129)
	at org.testng.internal.TestMethodWorker.run(TestMethodWorker.java:112)
	at org.testng.TestRunner.privateRun(TestRunner.java:782)
	at org.testng.TestRunner.run(TestRunner.java:632)
	at org.testng.SuiteRunner.runTest(SuiteRunner.java:366)
	at org.testng.SuiteRunner.runSequentially(SuiteRunner.java:361)
	at org.testng.SuiteRunner.privateRun(SuiteRunner.java:319)
	at org.testng.SuiteRunner.run(SuiteRunner.java:268)
	at org.testng.SuiteRunnerWorker.runSuite(SuiteRunnerWorker.java:52)
	at org.testng.SuiteRunnerWorker.run(SuiteRunnerWorker.java:86)
	at org.testng.TestNG.runSuitesSequentially(TestNG.java:1244)
	at org.testng.TestNG.runSuitesLocally(TestNG.java:1169)
	at org.testng.TestNG.run(TestNG.java:1064)
	at org.testng.remote.AbstractRemoteTestNG.run(AbstractRemoteTestNG.java:114)
	at org.testng.remote.RemoteTestNG.initAndRun(RemoteTestNG.java:251)
	at org.testng.remote.RemoteTestNG.main(RemoteTestNG.java:77)
</pre></div></td>
<td>0</td>
<td>com.epam.mentoring.calculator.TestDivLong@5025a98f</td></tr>
<tr>
<td title='com.epam.mentoring.calculator.TestDiv.divTest()'><b>divTest</b><br>Test class: com.epam.mentoring.calculator.TestDiv<br>Parameters: 0.0, 0.0, 0.0</td>
<td><div><pre>java.lang.AssertionError: expected [NaN] but found [0.0]
	at com.epam.mentoring.calculator.TestDiv.divTest(TestDiv.java:25)
... Removed 28 stack frames</pre></div><a href='#' onClick='toggleBox("stack-trace282265585", this, "Click to show all stack frames", "Click to hide stack frames")'>Click to show all stack frames</a>
<div class='stack-trace' id='stack-trace282265585'><pre>java.lang.AssertionError: expected [NaN] but found [0.0]
	at org.testng.Assert.fail(Assert.java:94)
	at org.testng.Assert.failNotEquals(Assert.java:513)
	at org.testng.Assert.assertEquals(Assert.java:222)
	at org.testng.Assert.assertEquals(Assert.java:239)
	at com.epam.mentoring.calculator.TestDiv.divTest(TestDiv.java:25)
	at sun.reflect.NativeMethodAccessorImpl.invoke0(Native Method)
	at sun.reflect.NativeMethodAccessorImpl.invoke(NativeMethodAccessorImpl.java:62)
	at sun.reflect.DelegatingMethodAccessorImpl.invoke(DelegatingMethodAccessorImpl.java:43)
	at java.lang.reflect.Method.invoke(Method.java:498)
	at org.testng.internal.MethodInvocationHelper.invokeMethod(MethodInvocationHelper.java:86)
	at org.testng.internal.Invoker.invokeMethod(Invoker.java:643)
	at org.testng.internal.Invoker.invokeTestMethod(Invoker.java:820)
	at org.testng.internal.Invoker.invokeTestMethods(Invoker.java:1128)
	at org.testng.internal.TestMethodWorker.invokeTestMethods(TestMethodWorker.java:129)
	at org.testng.internal.TestMethodWorker.run(TestMethodWorker.java:112)
	at org.testng.TestRunner.privateRun(TestRunner.java:782)
	at org.testng.TestRunner.run(TestRunner.java:632)
	at org.testng.SuiteRunner.runTest(SuiteRunner.java:366)
	at org.testng.SuiteRunner.runSequentially(SuiteRunner.java:361)
	at org.testng.SuiteRunner.privateRun(SuiteRunner.java:319)
	at org.testng.SuiteRunner.run(SuiteRunner.java:268)
	at org.testng.SuiteRunnerWorker.runSuite(SuiteRunnerWorker.java:52)
	at org.testng.SuiteRunnerWorker.run(SuiteRunnerWorker.java:86)
	at org.testng.TestNG.runSuitesSequentially(TestNG.java:1244)
	at org.testng.TestNG.runSuitesLocally(TestNG.java:1169)
	at org.testng.TestNG.run(TestNG.java:1064)
	at org.testng.remote.AbstractRemoteTestNG.run(AbstractRemoteTestNG.java:114)
	at org.testng.remote.RemoteTestNG.initAndRun(RemoteTestNG.java:251)
	at org.testng.remote.RemoteTestNG.main(RemoteTestNG.java:77)
</pre></div></td>
<td>0</td>
<td>com.epam.mentoring.calculator.TestDiv@2d928643</td></tr>
<tr>
<td title='com.epam.mentoring.calculator.SinTest.sinTest()'><b>sinTest</b><br>Test class: com.epam.mentoring.calculator.SinTest<br>Parameters: 1.0, 0.01745240643</td>
<td><div><pre>java.lang.AssertionError: expected [0.8414709848078965] but found [0.01745240643]
	at com.epam.mentoring.calculator.SinTest.sinTest(SinTest.java:24)
... Removed 28 stack frames</pre></div><a href='#' onClick='toggleBox("stack-trace2051120548", this, "Click to show all stack frames", "Click to hide stack frames")'>Click to show all stack frames</a>
<div class='stack-trace' id='stack-trace2051120548'><pre>java.lang.AssertionError: expected [0.8414709848078965] but found [0.01745240643]
	at org.testng.Assert.fail(Assert.java:94)
	at org.testng.Assert.failNotEquals(Assert.java:513)
	at org.testng.Assert.assertEquals(Assert.java:226)
	at org.testng.Assert.assertEquals(Assert.java:239)
	at com.epam.mentoring.calculator.SinTest.sinTest(SinTest.java:24)
	at sun.reflect.NativeMethodAccessorImpl.invoke0(Native Method)
	at sun.reflect.NativeMethodAccessorImpl.invoke(NativeMethodAccessorImpl.java:62)
	at sun.reflect.DelegatingMethodAccessorImpl.invoke(DelegatingMethodAccessorImpl.java:43)
	at java.lang.reflect.Method.invoke(Method.java:498)
	at org.testng.internal.MethodInvocationHelper.invokeMethod(MethodInvocationHelper.java:86)
	at org.testng.internal.Invoker.invokeMethod(Invoker.java:643)
	at org.testng.internal.Invoker.invokeTestMethod(Invoker.java:820)
	at org.testng.internal.Invoker.invokeTestMethods(Invoker.java:1128)
	at org.testng.internal.TestMethodWorker.invokeTestMethods(TestMethodWorker.java:129)
	at org.testng.internal.TestMethodWorker.run(TestMethodWorker.java:112)
	at org.testng.TestRunner.privateRun(TestRunner.java:782)
	at org.testng.TestRunner.run(TestRunner.java:632)
	at org.testng.SuiteRunner.runTest(SuiteRunner.java:366)
	at org.testng.SuiteRunner.runSequentially(SuiteRunner.java:361)
	at org.testng.SuiteRunner.privateRun(SuiteRunner.java:319)
	at org.testng.SuiteRunner.run(SuiteRunner.java:268)
	at org.testng.SuiteRunnerWorker.runSuite(SuiteRunnerWorker.java:52)
	at org.testng.SuiteRunnerWorker.run(SuiteRunnerWorker.java:86)
	at org.testng.TestNG.runSuitesSequentially(TestNG.java:1244)
	at org.testng.TestNG.runSuitesLocally(TestNG.java:1169)
	at org.testng.TestNG.run(TestNG.java:1064)
	at org.testng.remote.AbstractRemoteTestNG.run(AbstractRemoteTestNG.java:114)
	at org.testng.remote.RemoteTestNG.initAndRun(RemoteTestNG.java:251)
	at org.testng.remote.RemoteTestNG.main(RemoteTestNG.java:77)
</pre></div></td>
<td>0</td>
<td>com.epam.mentoring.calculator.SinTest@6adede5</td></tr>
<tr>
<td title='com.epam.mentoring.calculator.SinTest.sinTest()'><b>sinTest</b><br>Test class: com.epam.mentoring.calculator.SinTest<br>Parameters: 45.0, 0.70710678118</td>
<td><div><pre>java.lang.AssertionError: expected [0.8509035245341184] but found [0.70710678118]
	at com.epam.mentoring.calculator.SinTest.sinTest(SinTest.java:24)
... Removed 28 stack frames</pre></div><a href='#' onClick='toggleBox("stack-trace1270038388", this, "Click to show all stack frames", "Click to hide stack frames")'>Click to show all stack frames</a>
<div class='stack-trace' id='stack-trace1270038388'><pre>java.lang.AssertionError: expected [0.8509035245341184] but found [0.70710678118]
	at org.testng.Assert.fail(Assert.java:94)
	at org.testng.Assert.failNotEquals(Assert.java:513)
	at org.testng.Assert.assertEquals(Assert.java:226)
	at org.testng.Assert.assertEquals(Assert.java:239)
	at com.epam.mentoring.calculator.SinTest.sinTest(SinTest.java:24)
	at sun.reflect.NativeMethodAccessorImpl.invoke0(Native Method)
	at sun.reflect.NativeMethodAccessorImpl.invoke(NativeMethodAccessorImpl.java:62)
	at sun.reflect.DelegatingMethodAccessorImpl.invoke(DelegatingMethodAccessorImpl.java:43)
	at java.lang.reflect.Method.invoke(Method.java:498)
	at org.testng.internal.MethodInvocationHelper.invokeMethod(MethodInvocationHelper.java:86)
	at org.testng.internal.Invoker.invokeMethod(Invoker.java:643)
	at org.testng.internal.Invoker.invokeTestMethod(Invoker.java:820)
	at org.testng.internal.Invoker.invokeTestMethods(Invoker.java:1128)
	at org.testng.internal.TestMethodWorker.invokeTestMethods(TestMethodWorker.java:129)
	at org.testng.internal.TestMethodWorker.run(TestMethodWorker.java:112)
	at org.testng.TestRunner.privateRun(TestRunner.java:782)
	at org.testng.TestRunner.run(TestRunner.java:632)
	at org.testng.SuiteRunner.runTest(SuiteRunner.java:366)
	at org.testng.SuiteRunner.runSequentially(SuiteRunner.java:361)
	at org.testng.SuiteRunner.privateRun(SuiteRunner.java:319)
	at org.testng.SuiteRunner.run(SuiteRunner.java:268)
	at org.testng.SuiteRunnerWorker.runSuite(SuiteRunnerWorker.java:52)
	at org.testng.SuiteRunnerWorker.run(SuiteRunnerWorker.java:86)
	at org.testng.TestNG.runSuitesSequentially(TestNG.java:1244)
	at org.testng.TestNG.runSuitesLocally(TestNG.java:1169)
	at org.testng.TestNG.run(TestNG.java:1064)
	at org.testng.remote.AbstractRemoteTestNG.run(AbstractRemoteTestNG.java:114)
	at org.testng.remote.RemoteTestNG.initAndRun(RemoteTestNG.java:251)
	at org.testng.remote.RemoteTestNG.main(RemoteTestNG.java:77)
</pre></div></td>
<td>0</td>
<td>com.epam.mentoring.calculator.SinTest@6adede5</td></tr>
<tr>
<td title='com.epam.mentoring.calculator.SinTest.sinTest()'><b>sinTest</b><br>Test class: com.epam.mentoring.calculator.SinTest<br>Parameters: 90.0, 1.0</td>
<td><div><pre>java.lang.AssertionError: expected [0.8939966636005579] but found [1.0]
	at com.epam.mentoring.calculator.SinTest.sinTest(SinTest.java:24)
... Removed 28 stack frames</pre></div><a href='#' onClick='toggleBox("stack-trace63387985", this, "Click to show all stack frames", "Click to hide stack frames")'>Click to show all stack frames</a>
<div class='stack-trace' id='stack-trace63387985'><pre>java.lang.AssertionError: expected [0.8939966636005579] but found [1.0]
	at org.testng.Assert.fail(Assert.java:94)
	at org.testng.Assert.failNotEquals(Assert.java:513)
	at org.testng.Assert.assertEquals(Assert.java:226)
	at org.testng.Assert.assertEquals(Assert.java:239)
	at com.epam.mentoring.calculator.SinTest.sinTest(SinTest.java:24)
	at sun.reflect.NativeMethodAccessorImpl.invoke0(Native Method)
	at sun.reflect.NativeMethodAccessorImpl.invoke(NativeMethodAccessorImpl.java:62)
	at sun.reflect.DelegatingMethodAccessorImpl.invoke(DelegatingMethodAccessorImpl.java:43)
	at java.lang.reflect.Method.invoke(Method.java:498)
	at org.testng.internal.MethodInvocationHelper.invokeMethod(MethodInvocationHelper.java:86)
	at org.testng.internal.Invoker.invokeMethod(Invoker.java:643)
	at org.testng.internal.Invoker.invokeTestMethod(Invoker.java:820)
	at org.testng.internal.Invoker.invokeTestMethods(Invoker.java:1128)
	at org.testng.internal.TestMethodWorker.invokeTestMethods(TestMethodWorker.java:129)
	at org.testng.internal.TestMethodWorker.run(TestMethodWorker.java:112)
	at org.testng.TestRunner.privateRun(TestRunner.java:782)
	at org.testng.TestRunner.run(TestRunner.java:632)
	at org.testng.SuiteRunner.runTest(SuiteRunner.java:366)
	at org.testng.SuiteRunner.runSequentially(SuiteRunner.java:361)
	at org.testng.SuiteRunner.privateRun(SuiteRunner.java:319)
	at org.testng.SuiteRunner.run(SuiteRunner.java:268)
	at org.testng.SuiteRunnerWorker.runSuite(SuiteRunnerWorker.java:52)
	at org.testng.SuiteRunnerWorker.run(SuiteRunnerWorker.java:86)
	at org.testng.TestNG.runSuitesSequentially(TestNG.java:1244)
	at org.testng.TestNG.runSuitesLocally(TestNG.java:1169)
	at org.testng.TestNG.run(TestNG.java:1064)
	at org.testng.remote.AbstractRemoteTestNG.run(AbstractRemoteTestNG.java:114)
	at org.testng.remote.RemoteTestNG.initAndRun(RemoteTestNG.java:251)
	at org.testng.remote.RemoteTestNG.main(RemoteTestNG.java:77)
</pre></div></td>
<td>0</td>
<td>com.epam.mentoring.calculator.SinTest@6adede5</td></tr>
<tr>
<td title='com.epam.mentoring.calculator.TestSqrt.sqrtTest()'><b>sqrtTest</b><br>Test class: com.epam.mentoring.calculator.TestSqrt<br>Parameters: -8, 0</td>
<td><div><pre>java.lang.AssertionError: expected [0.0] but found [2.8284271247461903]
	at com.epam.mentoring.calculator.TestSqrt.sqrtTest(TestSqrt.java:23)
... Removed 28 stack frames</pre></div><a href='#' onClick='toggleBox("stack-trace1898155970", this, "Click to show all stack frames", "Click to hide stack frames")'>Click to show all stack frames</a>
<div class='stack-trace' id='stack-trace1898155970'><pre>java.lang.AssertionError: expected [0.0] but found [2.8284271247461903]
	at org.testng.Assert.fail(Assert.java:94)
	at org.testng.Assert.failNotEquals(Assert.java:513)
	at org.testng.Assert.assertEquals(Assert.java:226)
	at org.testng.Assert.assertEquals(Assert.java:239)
	at com.epam.mentoring.calculator.TestSqrt.sqrtTest(TestSqrt.java:23)
	at sun.reflect.NativeMethodAccessorImpl.invoke0(Native Method)
	at sun.reflect.NativeMethodAccessorImpl.invoke(NativeMethodAccessorImpl.java:62)
	at sun.reflect.DelegatingMethodAccessorImpl.invoke(DelegatingMethodAccessorImpl.java:43)
	at java.lang.reflect.Method.invoke(Method.java:498)
	at org.testng.internal.MethodInvocationHelper.invokeMethod(MethodInvocationHelper.java:86)
	at org.testng.internal.Invoker.invokeMethod(Invoker.java:643)
	at org.testng.internal.Invoker.invokeTestMethod(Invoker.java:820)
	at org.testng.internal.Invoker.invokeTestMethods(Invoker.java:1128)
	at org.testng.internal.TestMethodWorker.invokeTestMethods(TestMethodWorker.java:129)
	at org.testng.internal.TestMethodWorker.run(TestMethodWorker.java:112)
	at org.testng.TestRunner.privateRun(TestRunner.java:782)
	at org.testng.TestRunner.run(TestRunner.java:632)
	at org.testng.SuiteRunner.runTest(SuiteRunner.java:366)
	at org.testng.SuiteRunner.runSequentially(SuiteRunner.java:361)
	at org.testng.SuiteRunner.privateRun(SuiteRunner.java:319)
	at org.testng.SuiteRunner.run(SuiteRunner.java:268)
	at org.testng.SuiteRunnerWorker.runSuite(SuiteRunnerWorker.java:52)
	at org.testng.SuiteRunnerWorker.run(SuiteRunnerWorker.java:86)
	at org.testng.TestNG.runSuitesSequentially(TestNG.java:1244)
	at org.testng.TestNG.runSuitesLocally(TestNG.java:1169)
	at org.testng.TestNG.run(TestNG.java:1064)
	at org.testng.remote.AbstractRemoteTestNG.run(AbstractRemoteTestNG.java:114)
	at org.testng.remote.RemoteTestNG.initAndRun(RemoteTestNG.java:251)
	at org.testng.remote.RemoteTestNG.main(RemoteTestNG.java:77)
</pre></div></td>
<td>0</td>
<td>com.epam.mentoring.calculator.TestSqrt@49993335</td></tr>
<tr>
<td title='com.epam.mentoring.calculator.TgTest.tgTest()'><b>tgTest</b><br>Test class: com.epam.mentoring.calculator.TgTest<br>Parameters: 1.0, 57.29</td>
<td><div><pre>java.lang.AssertionError: expected [1.0] but found [57.29]
	at com.epam.mentoring.calculator.TgTest.tgTest(TgTest.java:21)
... Removed 28 stack frames</pre></div><a href='#' onClick='toggleBox("stack-trace1223850219", this, "Click to show all stack frames", "Click to hide stack frames")'>Click to show all stack frames</a>
<div class='stack-trace' id='stack-trace1223850219'><pre>java.lang.AssertionError: expected [1.0] but found [57.29]
	at org.testng.Assert.fail(Assert.java:94)
	at org.testng.Assert.failNotEquals(Assert.java:513)
	at org.testng.Assert.assertEquals(Assert.java:226)
	at org.testng.Assert.assertEquals(Assert.java:239)
	at com.epam.mentoring.calculator.TgTest.tgTest(TgTest.java:21)
	at sun.reflect.NativeMethodAccessorImpl.invoke0(Native Method)
	at sun.reflect.NativeMethodAccessorImpl.invoke(NativeMethodAccessorImpl.java:62)
	at sun.reflect.DelegatingMethodAccessorImpl.invoke(DelegatingMethodAccessorImpl.java:43)
	at java.lang.reflect.Method.invoke(Method.java:498)
	at org.testng.internal.MethodInvocationHelper.invokeMethod(MethodInvocationHelper.java:86)
	at org.testng.internal.Invoker.invokeMethod(Invoker.java:643)
	at org.testng.internal.Invoker.invokeTestMethod(Invoker.java:820)
	at org.testng.internal.Invoker.invokeTestMethods(Invoker.java:1128)
	at org.testng.internal.TestMethodWorker.invokeTestMethods(TestMethodWorker.java:129)
	at org.testng.internal.TestMethodWorker.run(TestMethodWorker.java:112)
	at org.testng.TestRunner.privateRun(TestRunner.java:782)
	at org.testng.TestRunner.run(TestRunner.java:632)
	at org.testng.SuiteRunner.runTest(SuiteRunner.java:366)
	at org.testng.SuiteRunner.runSequentially(SuiteRunner.java:361)
	at org.testng.SuiteRunner.privateRun(SuiteRunner.java:319)
	at org.testng.SuiteRunner.run(SuiteRunner.java:268)
	at org.testng.SuiteRunnerWorker.runSuite(SuiteRunnerWorker.java:52)
	at org.testng.SuiteRunnerWorker.run(SuiteRunnerWorker.java:86)
	at org.testng.TestNG.runSuitesSequentially(TestNG.java:1244)
	at org.testng.TestNG.runSuitesLocally(TestNG.java:1169)
	at org.testng.TestNG.run(TestNG.java:1064)
	at org.testng.remote.AbstractRemoteTestNG.run(AbstractRemoteTestNG.java:114)
	at org.testng.remote.RemoteTestNG.initAndRun(RemoteTestNG.java:251)
	at org.testng.remote.RemoteTestNG.main(RemoteTestNG.java:77)
</pre></div></td>
<td>0</td>
<td>com.epam.mentoring.calculator.TgTest@55d56113</td></tr>
</table><p>
<table width='100%' border='1' class='invocation-passed'>
<tr><td colspan='4' align='center'><b>PASSED TESTS</b></td></tr>
<tr><td><b>Test method</b></td>
<td width="30%"><b>Exception</b></td>
<td width="10%"><b>Time (seconds)</b></td>
<td><b>Instance</b></td>
</tr>
<tr>
<td title='com.epam.mentoring.calculator.TestDivLong.divLongTest()'><b>divLongTest</b><br>Test class: com.epam.mentoring.calculator.TestDivLong<br>Parameters: 1, 1, 1</td>
<td></td>
<td>0</td>
<td>com.epam.mentoring.calculator.TestDivLong@5025a98f</td></tr>
<tr>
<td title='com.epam.mentoring.calculator.TestDivLong.divLongTest()'><b>divLongTest</b><br>Test class: com.epam.mentoring.calculator.TestDivLong<br>Parameters: 5, 3, 1</td>
<td></td>
<td>0</td>
<td>com.epam.mentoring.calculator.TestDivLong@5025a98f</td></tr>
<tr>
<td title='com.epam.mentoring.calculator.TestDivLong.divLongTest()'><b>divLongTest</b><br>Test class: com.epam.mentoring.calculator.TestDivLong<br>Parameters: 100, 2, 50</td>
<td></td>
<td>0</td>
<td>com.epam.mentoring.calculator.TestDivLong@5025a98f</td></tr>
<tr>
<td title='com.epam.mentoring.calculator.TestDivLong.divLongTest()'><b>divLongTest</b><br>Test class: com.epam.mentoring.calculator.TestDivLong<br>Parameters: -20, 8, -2</td>
<td></td>
<td>0</td>
<td>com.epam.mentoring.calculator.TestDivLong@5025a98f</td></tr>
<tr>
<td title='com.epam.mentoring.calculator.TestDiv.divTest()'><b>divTest</b><br>Test class: com.epam.mentoring.calculator.TestDiv<br>Parameters: 1.0, 1.0, 1.0</td>
<td></td>
<td>0</td>
<td>com.epam.mentoring.calculator.TestDiv@2d928643</td></tr>
<tr>
<td title='com.epam.mentoring.calculator.TestDiv.divTest()'><b>divTest</b><br>Test class: com.epam.mentoring.calculator.TestDiv<br>Parameters: 3.24, 1.5889, 2.03914</td>
<td></td>
<td>0</td>
<td>com.epam.mentoring.calculator.TestDiv@2d928643</td></tr>
<tr>
<td title='com.epam.mentoring.calculator.TestDiv.divTest()'><b>divTest</b><br>Test class: com.epam.mentoring.calculator.TestDiv<br>Parameters: 5.0E-4, 2, 2.5E-4</td>
<td></td>
<td>0</td>
<td>com.epam.mentoring.calculator.TestDiv@2d928643</td></tr>
<tr>
<td title='com.epam.mentoring.calculator.TestDiv.divTest()'><b>divTest</b><br>Test class: com.epam.mentoring.calculator.TestDiv<br>Parameters: 1.5, 2.8, 0.535714</td>
<td></td>
<td>0</td>
<td>com.epam.mentoring.calculator.TestDiv@2d928643</td></tr>
<tr>
<td title='com.epam.mentoring.calculator.IsNegativeTest.isNegative()'><b>isNegative</b><br>Test class: com.epam.mentoring.calculator.IsNegativeTest<br>Parameters: -20</td>
<td></td>
<td>0</td>
<td>com.epam.mentoring.calculator.IsNegativeTest@3159c4b8</td></tr>
<tr>
<td title='com.epam.mentoring.calculator.IsPositiveTest.isPositive()'><b>isPositive</b><br>Test class: com.epam.mentoring.calculator.IsPositiveTest<br>Parameters: 50</td>
<td></td>
<td>0</td>
<td>com.epam.mentoring.calculator.IsPositiveTest@73846619</td></tr>
<tr>
<td title='com.epam.mentoring.calculator.MultDouble.multDouble()'><b>multDouble</b><br>Test class: com.epam.mentoring.calculator.MultDouble<br>Parameters: 0, 0, 0</td>
<td></td>
<td>0</td>
<td>com.epam.mentoring.calculator.MultDouble@4bec1f0c</td></tr>
<tr>
<td title='com.epam.mentoring.calculator.MultDouble.multDouble()'><b>multDouble</b><br>Test class: com.epam.mentoring.calculator.MultDouble<br>Parameters: 5.5, 2, 11</td>
<td></td>
<td>0</td>
<td>com.epam.mentoring.calculator.MultDouble@4bec1f0c</td></tr>
<tr>
<td title='com.epam.mentoring.calculator.MultDouble.multDouble()'><b>multDouble</b><br>Test class: com.epam.mentoring.calculator.MultDouble<br>Parameters: -2, 4, -8</td>
<td></td>
<td>0</td>
<td>com.epam.mentoring.calculator.MultDouble@4bec1f0c</td></tr>
<tr>
<td title='com.epam.mentoring.calculator.MultDouble.multDouble()'><b>multDouble</b><br>Test class: com.epam.mentoring.calculator.MultDouble<br>Parameters: 0.1, 0.001, 1.0E-4</td>
<td></td>
<td>0</td>
<td>com.epam.mentoring.calculator.MultDouble@4bec1f0c</td></tr>
<tr>
<td title='com.epam.mentoring.calculator.MultLong.multLong()'><b>multLong</b><br>Test class: com.epam.mentoring.calculator.MultLong<br>Parameters: 0, 0, 0</td>
<td></td>
<td>0</td>
<td>com.epam.mentoring.calculator.MultLong@29ca901e</td></tr>
<tr>
<td title='com.epam.mentoring.calculator.MultLong.multLong()'><b>multLong</b><br>Test class: com.epam.mentoring.calculator.MultLong<br>Parameters: 5, 5, 25</td>
<td></td>
<td>0</td>
<td>com.epam.mentoring.calculator.MultLong@29ca901e</td></tr>
<tr>
<td title='com.epam.mentoring.calculator.MultLong.multLong()'><b>multLong</b><br>Test class: com.epam.mentoring.calculator.MultLong<br>Parameters: -2, 4, -8</td>
<td></td>
<td>0</td>
<td>com.epam.mentoring.calculator.MultLong@29ca901e</td></tr>
<tr>
<td title='com.epam.mentoring.calculator.MultLong.multLong()'><b>multLong</b><br>Test class: com.epam.mentoring.calculator.MultLong<br>Parameters: 10, 1000, 10000</td>
<td></td>
<td>0</td>
<td>com.epam.mentoring.calculator.MultLong@29ca901e</td></tr>
<tr>
<td title='com.epam.mentoring.calculator.PowTest.powTest()'><b>powTest</b><br>Test class: com.epam.mentoring.calculator.PowTest<br>Parameters: 0, 0, 1</td>
<td></td>
<td>0</td>
<td>com.epam.mentoring.calculator.PowTest@5649fd9b</td></tr>
<tr>
<td title='com.epam.mentoring.calculator.PowTest.powTest()'><b>powTest</b><br>Test class: com.epam.mentoring.calculator.PowTest<br>Parameters: 2, 3, 8</td>
<td></td>
<td>0</td>
<td>com.epam.mentoring.calculator.PowTest@5649fd9b</td></tr>
<tr>
<td title='com.epam.mentoring.calculator.PowTest.powTest()'><b>powTest</b><br>Test class: com.epam.mentoring.calculator.PowTest<br>Parameters: -5, 2, 25</td>
<td></td>
<td>0</td>
<td>com.epam.mentoring.calculator.PowTest@5649fd9b</td></tr>
<tr>
<td title='com.epam.mentoring.calculator.PowTest.powTest()'><b>powTest</b><br>Test class: com.epam.mentoring.calculator.PowTest<br>Parameters: 10, -1, 0.1</td>
<td></td>
<td>0</td>
<td>com.epam.mentoring.calculator.PowTest@5649fd9b</td></tr>
<tr>
<td title='com.epam.mentoring.calculator.SinTest.sinTest()'><b>sinTest</b><br>Test class: com.epam.mentoring.calculator.SinTest<br>Parameters: 0.0, 0.0</td>
<td></td>
<td>0</td>
<td>com.epam.mentoring.calculator.SinTest@6adede5</td></tr>
<tr>
<td title='com.epam.mentoring.calculator.TestSqrt.sqrtTest()'><b>sqrtTest</b><br>Test class: com.epam.mentoring.calculator.TestSqrt<br>Parameters: 0, 0</td>
<td></td>
<td>0</td>
<td>com.epam.mentoring.calculator.TestSqrt@49993335</td></tr>
<tr>
<td title='com.epam.mentoring.calculator.TestSqrt.sqrtTest()'><b>sqrtTest</b><br>Test class: com.epam.mentoring.calculator.TestSqrt<br>Parameters: 9, 3</td>
<td></td>
<td>0</td>
<td>com.epam.mentoring.calculator.TestSqrt@49993335</td></tr>
<tr>
<td title='com.epam.mentoring.calculator.TestSqrt.sqrtTest()'><b>sqrtTest</b><br>Test class: com.epam.mentoring.calculator.TestSqrt<br>Parameters: 10000, 100</td>
<td></td>
<td>0</td>
<td>com.epam.mentoring.calculator.TestSqrt@49993335</td></tr>
<tr>
<td title='com.epam.mentoring.calculator.TestSubLong.subLongTest()'><b>subLongTest</b><br>Test class: com.epam.mentoring.calculator.TestSubLong<br>Parameters: 0, 0, 0</td>
<td></td>
<td>0</td>
<td>com.epam.mentoring.calculator.TestSubLong@192b07fd</td></tr>
<tr>
<td title='com.epam.mentoring.calculator.TestSubLong.subLongTest()'><b>subLongTest</b><br>Test class: com.epam.mentoring.calculator.TestSubLong<br>Parameters: 9, 3, 6</td>
<td></td>
<td>0</td>
<td>com.epam.mentoring.calculator.TestSubLong@192b07fd</td></tr>
<tr>
<td title='com.epam.mentoring.calculator.TestSubLong.subLongTest()'><b>subLongTest</b><br>Test class: com.epam.mentoring.calculator.TestSubLong<br>Parameters: 10000, 100, 9900</td>
<td></td>
<td>0</td>
<td>com.epam.mentoring.calculator.TestSubLong@192b07fd</td></tr>
<tr>
<td title='com.epam.mentoring.calculator.TestSubLong.subLongTest()'><b>subLongTest</b><br>Test class: com.epam.mentoring.calculator.TestSubLong<br>Parameters: -8, -8, 0</td>
<td></td>
<td>0</td>
<td>com.epam.mentoring.calculator.TestSubLong@192b07fd</td></tr>
<tr>
<td title='com.epam.mentoring.calculator.TestSubLong.subLongTest()'><b>subLongTest</b><br>Test class: com.epam.mentoring.calculator.TestSubLong<br>Parameters: 1, 9000, -8999</td>
<td></td>
<td>0</td>
<td>com.epam.mentoring.calculator.TestSubLong@192b07fd</td></tr>
<tr>
<td title='com.epam.mentoring.calculator.TestSub.subTest()'><b>subTest</b><br>Test class: com.epam.mentoring.calculator.TestSub<br>Parameters: 0, 0, 0</td>
<td></td>
<td>0</td>
<td>com.epam.mentoring.calculator.TestSub@20322d26</td></tr>
<tr>
<td title='com.epam.mentoring.calculator.TestSub.subTest()'><b>subTest</b><br>Test class: com.epam.mentoring.calculator.TestSub<br>Parameters: 9, 3, 6</td>
<td></td>
<td>0</td>
<td>com.epam.mentoring.calculator.TestSub@20322d26</td></tr>
<tr>
<td title='com.epam.mentoring.calculator.TestSub.subTest()'><b>subTest</b><br>Test class: com.epam.mentoring.calculator.TestSub<br>Parameters: 10000, 100, 9900</td>
<td></td>
<td>0</td>
<td>com.epam.mentoring.calculator.TestSub@20322d26</td></tr>
<tr>
<td title='com.epam.mentoring.calculator.TestSub.subTest()'><b>subTest</b><br>Test class: com.epam.mentoring.calculator.TestSub<br>Parameters: -8, 2.4, -10.4</td>
<td></td>
<td>0</td>
<td>com.epam.mentoring.calculator.TestSub@20322d26</td></tr>
<tr>
<td title='com.epam.mentoring.calculator.TestSub.subTest()'><b>subTest</b><br>Test class: com.epam.mentoring.calculator.TestSub<br>Parameters: -8, -8, 0</td>
<td></td>
<td>0</td>
<td>com.epam.mentoring.calculator.TestSub@20322d26</td></tr>
<tr>
<td title='com.epam.mentoring.calculator.TestSub.subTest()'><b>subTest</b><br>Test class: com.epam.mentoring.calculator.TestSub<br>Parameters: 1, 9000, -8999</td>
<td></td>
<td>0</td>
<td>com.epam.mentoring.calculator.TestSub@20322d26</td></tr>
<tr>
<td title='com.epam.mentoring.calculator.TestSub.subTest()'><b>subTest</b><br>Test class: com.epam.mentoring.calculator.TestSub<br>Parameters: 2.70005, 1.3, 1.40005</td>
<td></td>
<td>0</td>
<td>com.epam.mentoring.calculator.TestSub@20322d26</td></tr>
<tr>
<td title='com.epam.mentoring.calculator.TestSumLong.sumLongTest()'><b>sumLongTest</b><br>Test class: com.epam.mentoring.calculator.TestSumLong<br>Parameters: 0, 0, 0</td>
<td></td>
<td>0</td>
<td>com.epam.mentoring.calculator.TestSumLong@64bf3bbf</td></tr>
<tr>
<td title='com.epam.mentoring.calculator.TestSumLong.sumLongTest()'><b>sumLongTest</b><br>Test class: com.epam.mentoring.calculator.TestSumLong<br>Parameters: 9, 3, 12</td>
<td></td>
<td>0</td>
<td>com.epam.mentoring.calculator.TestSumLong@64bf3bbf</td></tr>
<tr>
<td title='com.epam.mentoring.calculator.TestSumLong.sumLongTest()'><b>sumLongTest</b><br>Test class: com.epam.mentoring.calculator.TestSumLong<br>Parameters: 10000, 100, 10100</td>
<td></td>
<td>0</td>
<td>com.epam.mentoring.calculator.TestSumLong@64bf3bbf</td></tr>
<tr>
<td title='com.epam.mentoring.calculator.TestSumLong.sumLongTest()'><b>sumLongTest</b><br>Test class: com.epam.mentoring.calculator.TestSumLong<br>Parameters: -8, -8, -16</td>
<td></td>
<td>0</td>
<td>com.epam.mentoring.calculator.TestSumLong@64bf3bbf</td></tr>
<tr>
<td title='com.epam.mentoring.calculator.TestSumLong.sumLongTest()'><b>sumLongTest</b><br>Test class: com.epam.mentoring.calculator.TestSumLong<br>Parameters: 1, 9000, 9001</td>
<td></td>
<td>0</td>
<td>com.epam.mentoring.calculator.TestSumLong@64bf3bbf</td></tr>
<tr>
<td title='com.epam.mentoring.calculator.TestSum.sumTest()'><b>sumTest</b><br>Test class: com.epam.mentoring.calculator.TestSum<br>Parameters: 0, 0, 0</td>
<td></td>
<td>0</td>
<td>com.epam.mentoring.calculator.TestSum@64bfbc86</td></tr>
<tr>
<td title='com.epam.mentoring.calculator.TestSum.sumTest()'><b>sumTest</b><br>Test class: com.epam.mentoring.calculator.TestSum<br>Parameters: 9, 3, 12</td>
<td></td>
<td>0</td>
<td>com.epam.mentoring.calculator.TestSum@64bfbc86</td></tr>
<tr>
<td title='com.epam.mentoring.calculator.TestSum.sumTest()'><b>sumTest</b><br>Test class: com.epam.mentoring.calculator.TestSum<br>Parameters: 0.56644, 2.115, 2.68144</td>
<td></td>
<td>0</td>
<td>com.epam.mentoring.calculator.TestSum@64bfbc86</td></tr>
<tr>
<td title='com.epam.mentoring.calculator.TestSum.sumTest()'><b>sumTest</b><br>Test class: com.epam.mentoring.calculator.TestSum<br>Parameters: 10000.0, 100.0, 10100</td>
<td></td>
<td>0</td>
<td>com.epam.mentoring.calculator.TestSum@64bfbc86</td></tr>
<tr>
<td title='com.epam.mentoring.calculator.TestSum.sumTest()'><b>sumTest</b><br>Test class: com.epam.mentoring.calculator.TestSum<br>Parameters: -8, 2.4, -5.6</td>
<td></td>
<td>0</td>
<td>com.epam.mentoring.calculator.TestSum@64bfbc86</td></tr>
<tr>
<td title='com.epam.mentoring.calculator.TestSum.sumTest()'><b>sumTest</b><br>Test class: com.epam.mentoring.calculator.TestSum<br>Parameters: -8, -8, -16</td>
<td></td>
<td>0</td>
<td>com.epam.mentoring.calculator.TestSum@64bfbc86</td></tr>
<tr>
<td title='com.epam.mentoring.calculator.TestSum.sumTest()'><b>sumTest</b><br>Test class: com.epam.mentoring.calculator.TestSum<br>Parameters: 1, 9000, 9001</td>
<td></td>
<td>0</td>
<td>com.epam.mentoring.calculator.TestSum@64bfbc86</td></tr>
<tr>
<td title='com.epam.mentoring.calculator.TestSum.sumTest()'><b>sumTest</b><br>Test class: com.epam.mentoring.calculator.TestSum<br>Parameters: 2.70005, 1.3, 4.00005</td>
<td></td>
<td>0</td>
<td>com.epam.mentoring.calculator.TestSum@64bfbc86</td></tr>
<tr>
<td title='com.epam.mentoring.calculator.TgTest.tgTest()'><b>tgTest</b><br>Test class: com.epam.mentoring.calculator.TgTest<br>Parameters: 45.0, 1.0</td>
<td></td>
<td>0</td>
<td>com.epam.mentoring.calculator.TgTest@55d56113</td></tr>
</table><p>
<table width='100%' border='1' class='invocation-skipped'>
<tr><td colspan='4' align='center'><b>SKIPPED TESTS</b></td></tr>
<tr><td><b>Test method</b></td>
<td width="30%"><b>Exception</b></td>
<td width="10%"><b>Time (seconds)</b></td>
<td><b>Instance</b></td>
</tr>
<tr>
<td title='com.epam.mentoring.calculator.CosTest.cosTest()'><b>cosTest</b><br>Test class: com.epam.mentoring.calculator.CosTest</td>
<td><div><pre>java.lang.RuntimeException: java.lang.NullPointerException
Caused by: java.lang.NullPointerException
	at excel.ReadExcel.getCellData(ReadExcel.java:87)
	at excel.ReadExcel.getTableArray(ReadExcel.java:52)
	at com.epam.mentoring.calculator.CosTest.values(CosTest.java:14)
	... 20 more
... Removed 27 stack frames</pre></div><a href='#' onClick='toggleBox("stack-trace1716093734", this, "Click to show all stack frames", "Click to hide stack frames")'>Click to show all stack frames</a>
<div class='stack-trace' id='stack-trace1716093734'><pre>java.lang.RuntimeException: java.lang.NullPointerException
	at org.testng.internal.MethodInvocationHelper.invokeDataProvider(MethodInvocationHelper.java:163)
	at org.testng.internal.Parameters.handleParameters(Parameters.java:430)
	at org.testng.internal.Invoker.handleParameters(Invoker.java:1274)
	at org.testng.internal.Invoker.createParameters(Invoker.java:989)
	at org.testng.internal.Invoker.invokeTestMethods(Invoker.java:1079)
	at org.testng.internal.TestMethodWorker.invokeTestMethods(TestMethodWorker.java:129)
	at org.testng.internal.TestMethodWorker.run(TestMethodWorker.java:112)
	at org.testng.TestRunner.privateRun(TestRunner.java:782)
	at org.testng.TestRunner.run(TestRunner.java:632)
	at org.testng.SuiteRunner.runTest(SuiteRunner.java:366)
	at org.testng.SuiteRunner.runSequentially(SuiteRunner.java:361)
	at org.testng.SuiteRunner.privateRun(SuiteRunner.java:319)
	at org.testng.SuiteRunner.run(SuiteRunner.java:268)
	at org.testng.SuiteRunnerWorker.runSuite(SuiteRunnerWorker.java:52)
	at org.testng.SuiteRunnerWorker.run(SuiteRunnerWorker.java:86)
	at org.testng.TestNG.runSuitesSequentially(TestNG.java:1244)
	at org.testng.TestNG.runSuitesLocally(TestNG.java:1169)
	at org.testng.TestNG.run(TestNG.java:1064)
	at org.testng.remote.AbstractRemoteTestNG.run(AbstractRemoteTestNG.java:114)
	at org.testng.remote.RemoteTestNG.initAndRun(RemoteTestNG.java:251)
	at org.testng.remote.RemoteTestNG.main(RemoteTestNG.java:77)
Caused by: java.lang.NullPointerException
	at excel.ReadExcel.getCellData(ReadExcel.java:87)
	at excel.ReadExcel.getTableArray(ReadExcel.java:52)
	at com.epam.mentoring.calculator.CosTest.values(CosTest.java:14)
	at sun.reflect.NativeMethodAccessorImpl.invoke0(Native Method)
	at sun.reflect.NativeMethodAccessorImpl.invoke(NativeMethodAccessorImpl.java:62)
	at sun.reflect.DelegatingMethodAccessorImpl.invoke(DelegatingMethodAccessorImpl.java:43)
	at java.lang.reflect.Method.invoke(Method.java:498)
	at org.testng.internal.MethodInvocationHelper.invokeMethod(MethodInvocationHelper.java:86)
	at org.testng.internal.MethodInvocationHelper.invokeDataProvider(MethodInvocationHelper.java:137)
	... 20 more
</pre></div></td>
<td>0</td>
<td>com.epam.mentoring.calculator.CosTest@4b952a2d</td></tr>
</table><p>
</body>
</html>