<?xml version="1.0" encoding="UTF-8"?>
<!-- Generated by org.testng.reporters.JUnitXMLReporter -->
<testsuite hostname="EPAMYERW0139" name="test" tests="60" failures="7" timestamp="7 Jul 2018 13:20:51 GMT" time="0.615" errors="0">
  <testcase name="cosTest" time="0.0" classname="com.epam.mentoring.calculator.CosTest">
    <skipped/>
  </testcase> <!-- cosTest -->
  <testcase name="isNegative" time="0.002" classname="com.epam.mentoring.calculator.IsNegativeTest"/>
  <testcase name="isPositive" time="0.001" classname="com.epam.mentoring.calculator.IsPositiveTest"/>
  <testcase name="multDouble" time="0.001" classname="com.epam.mentoring.calculator.MultDouble"/>
  <testcase name="multDouble" time="0.002" classname="com.epam.mentoring.calculator.MultDouble"/>
  <testcase name="multDouble" time="0.0" classname="com.epam.mentoring.calculator.MultDouble"/>
  <testcase name="multDouble" time="0.001" classname="com.epam.mentoring.calculator.MultDouble"/>
  <testcase name="multLong" time="0.001" classname="com.epam.mentoring.calculator.MultLong"/>
  <testcase name="multLong" time="0.001" classname="com.epam.mentoring.calculator.MultLong"/>
  <testcase name="multLong" time="0.0" classname="com.epam.mentoring.calculator.MultLong"/>
  <testcase name="multLong" time="0.0" classname="com.epam.mentoring.calculator.MultLong"/>
  <testcase name="powTest" time="0.001" classname="com.epam.mentoring.calculator.PowTest"/>
  <testcase name="powTest" time="0.001" classname="com.epam.mentoring.calculator.PowTest"/>
  <testcase name="powTest" time="0.001" classname="com.epam.mentoring.calculator.PowTest"/>
  <testcase name="powTest" time="0.0" classname="com.epam.mentoring.calculator.PowTest"/>
  <testcase name="sinTest" time="0.001" classname="com.epam.mentoring.calculator.SinTest"/>
  <testcase name="sinTest" time="0.001" classname="com.epam.mentoring.calculator.SinTest">
    <failure type="java.lang.AssertionError" message="expected [0.8414709848078965] but found [0.01745240643]">
      <![CDATA[java.lang.AssertionError: expected [0.8414709848078965] but found [0.01745240643]
	at com.epam.mentoring.calculator.SinTest.sinTest(SinTest.java:24)
... Removed 28 stack frames]]>
    </failure>
  </testcase> <!-- sinTest -->
  <testcase name="sinTest" time="0.001" classname="com.epam.mentoring.calculator.SinTest">
    <failure type="java.lang.AssertionError" message="expected [0.8509035245341184] but found [0.70710678118]">
      <![CDATA[java.lang.AssertionError: expected [0.8509035245341184] but found [0.70710678118]
	at com.epam.mentoring.calculator.SinTest.sinTest(SinTest.java:24)
... Removed 28 stack frames]]>
    </failure>
  </testcase> <!-- sinTest -->
  <testcase name="sinTest" time="0.0" classname="com.epam.mentoring.calculator.SinTest">
    <failure type="java.lang.AssertionError" message="expected [0.8939966636005579] but found [1.0]">
      <![CDATA[java.lang.AssertionError: expected [0.8939966636005579] but found [1.0]
	at com.epam.mentoring.calculator.SinTest.sinTest(SinTest.java:24)
... Removed 28 stack frames]]>
    </failure>
  </testcase> <!-- sinTest -->
  <testcase name="divTest" time="0.0" classname="com.epam.mentoring.calculator.TestDiv">
    <failure type="java.lang.AssertionError" message="expected [NaN] but found [0.0]">
      <![CDATA[java.lang.AssertionError: expected [NaN] but found [0.0]
	at com.epam.mentoring.calculator.TestDiv.divTest(TestDiv.java:25)
... Removed 28 stack frames]]>
    </failure>
  </testcase> <!-- divTest -->
  <testcase name="divTest" time="0.001" classname="com.epam.mentoring.calculator.TestDiv"/>
  <testcase name="divTest" time="0.001" classname="com.epam.mentoring.calculator.TestDiv"/>
  <testcase name="divTest" time="0.0" classname="com.epam.mentoring.calculator.TestDiv"/>
  <testcase name="divTest" time="0.001" classname="com.epam.mentoring.calculator.TestDiv"/>
  <testcase name="divLongTest" time="0.001" classname="com.epam.mentoring.calculator.TestDivLong">
    <failure type="java.lang.NumberFormatException" message="Attempt to divide by zero">
      <![CDATA[java.lang.NumberFormatException: Attempt to divide by zero
	at com.epam.tat.module4.Calculator.div(Calculator.java:34)
	at com.epam.mentoring.calculator.TestDivLong.divLongTest(TestDivLong.java:24)
... Removed 24 stack frames]]>
    </failure>
  </testcase> <!-- divLongTest -->
  <testcase name="divLongTest" time="0.002" classname="com.epam.mentoring.calculator.TestDivLong"/>
  <testcase name="divLongTest" time="0.001" classname="com.epam.mentoring.calculator.TestDivLong"/>
  <testcase name="divLongTest" time="0.001" classname="com.epam.mentoring.calculator.TestDivLong"/>
  <testcase name="divLongTest" time="0.002" classname="com.epam.mentoring.calculator.TestDivLong"/>
  <testcase name="sqrtTest" time="0.001" classname="com.epam.mentoring.calculator.TestSqrt"/>
  <testcase name="sqrtTest" time="0.002" classname="com.epam.mentoring.calculator.TestSqrt"/>
  <testcase name="sqrtTest" time="0.001" classname="com.epam.mentoring.calculator.TestSqrt"/>
  <testcase name="sqrtTest" time="0.0" classname="com.epam.mentoring.calculator.TestSqrt">
    <failure type="java.lang.AssertionError" message="expected [0.0] but found [2.8284271247461903]">
      <![CDATA[java.lang.AssertionError: expected [0.0] but found [2.8284271247461903]
	at com.epam.mentoring.calculator.TestSqrt.sqrtTest(TestSqrt.java:23)
... Removed 28 stack frames]]>
    </failure>
  </testcase> <!-- sqrtTest -->
  <testcase name="subTest" time="0.001" classname="com.epam.mentoring.calculator.TestSub"/>
  <testcase name="subTest" time="0.0" classname="com.epam.mentoring.calculator.TestSub"/>
  <testcase name="subTest" time="0.001" classname="com.epam.mentoring.calculator.TestSub"/>
  <testcase name="subTest" time="0.0" classname="com.epam.mentoring.calculator.TestSub"/>
  <testcase name="subTest" time="0.004" classname="com.epam.mentoring.calculator.TestSub"/>
  <testcase name="subTest" time="0.0" classname="com.epam.mentoring.calculator.TestSub"/>
  <testcase name="subTest" time="0.001" classname="com.epam.mentoring.calculator.TestSub"/>
  <testcase name="subLongTest" time="0.001" classname="com.epam.mentoring.calculator.TestSubLong"/>
  <testcase name="subLongTest" time="0.001" classname="com.epam.mentoring.calculator.TestSubLong"/>
  <testcase name="subLongTest" time="0.001" classname="com.epam.mentoring.calculator.TestSubLong"/>
  <testcase name="subLongTest" time="0.001" classname="com.epam.mentoring.calculator.TestSubLong"/>
  <testcase name="subLongTest" time="0.0" classname="com.epam.mentoring.calculator.TestSubLong"/>
  <testcase name="sumTest" time="0.001" classname="com.epam.mentoring.calculator.TestSum"/>
  <testcase name="sumTest" time="0.0" classname="com.epam.mentoring.calculator.TestSum"/>
  <testcase name="sumTest" time="0.0" classname="com.epam.mentoring.calculator.TestSum"/>
  <testcase name="sumTest" time="0.0" classname="com.epam.mentoring.calculator.TestSum"/>
  <testcase name="sumTest" time="0.0" classname="com.epam.mentoring.calculator.TestSum"/>
  <testcase name="sumTest" time="0.001" classname="com.epam.mentoring.calculator.TestSum"/>
  <testcase name="sumTest" time="0.006" classname="com.epam.mentoring.calculator.TestSum"/>
  <testcase name="sumTest" time="0.001" classname="com.epam.mentoring.calculator.TestSum"/>
  <testcase name="sumLongTest" time="0.0" classname="com.epam.mentoring.calculator.TestSumLong"/>
  <testcase name="sumLongTest" time="0.0" classname="com.epam.mentoring.calculator.TestSumLong"/>
  <testcase name="sumLongTest" time="0.001" classname="com.epam.mentoring.calculator.TestSumLong"/>
  <testcase name="sumLongTest" time="0.0" classname="com.epam.mentoring.calculator.TestSumLong"/>
  <testcase name="sumLongTest" time="0.0" classname="com.epam.mentoring.calculator.TestSumLong"/>
  <testcase name="tgTest" time="0.001" classname="com.epam.mentoring.calculator.TgTest">
    <failure type="java.lang.AssertionError" message="expected [1.0] but found [57.29]">
      <![CDATA[java.lang.AssertionError: expected [1.0] but found [57.29]
	at com.epam.mentoring.calculator.TgTest.tgTest(TgTest.java:21)
... Removed 28 stack frames]]>
    </failure>
  </testcase> <!-- tgTest -->
  <testcase name="tgTest" time="0.001" classname="com.epam.mentoring.calculator.TgTest"/>
</testsuite> <!-- test -->
